2023-10-18 10:06:36,989 - DEBUG - debug message
2023-10-18 10:06:36,989 - INFO - info message
2023-10-18 10:06:36,989 - WARNING - warning message
2023-10-18 10:06:36,989 - ERROR - error message
2023-10-18 10:06:36,989 - CRITICAL - critical message
2023-10-18 10:06:36,990 - INFO - 日志输出完成
2023-10-18 10:06:38,746 - ERROR - 该机构不存在
2023-10-18 10:06:38,830 - ERROR - 该机构不存在
2023-10-18 10:06:38,880 - ERROR - 该机构不存在
2023-10-18 10:06:38,963 - ERROR - 该机构不存在
2023-10-18 10:06:39,014 - ERROR - 该机构不存在
2023-10-18 10:06:39,098 - ERROR - 该机构不存在
2023-10-18 10:08:12,362 - DEBUG - debug message
2023-10-18 10:08:12,363 - INFO - info message
2023-10-18 10:08:12,363 - WARNING - warning message
2023-10-18 10:08:12,363 - ERROR - error message
2023-10-18 10:08:12,363 - CRITICAL - critical message
2023-10-18 10:08:12,363 - INFO - 日志输出完成
2023-10-18 10:08:17,246 - ERROR - 该机构不存在
2023-10-18 10:08:17,330 - ERROR - 该机构不存在
