2023-12-01 11:02:28,703  [django.db.backends:128] [utils:debug_sql] [DEBUG]- (0.047) SELECT "COUNTERPARTY_ORG"."CORPORATE_NAME" FROM "COUNTERPARTY_ORG" WHERE DBMS_LOB.SUBSTR("COUNTERPARTY_ORG"."CORPORATE_NAME") = 测试产品关注类; args=('测试产品关注类',)
2023-12-01 11:02:28,793  [django.db.backends:128] [utils:debug_sql] [DEBUG]- (0.079) SELECT "OTC_DERIVATIVE_COUNTERPARTY"."CORPORATE_NAME", "OTC_DERIVATIVE_COUNTERPARTY"."CLIENT_ID" FROM "OTC_DERIVATIVE_COUNTERPARTY" WHERE DBMS_LOB.SUBSTR("OTC_DERIVATIVE_COUNTERPARTY"."CORPORATE_NAME") = 测试产品关注类; args=('测试产品关注类',)
2023-12-01 11:02:29,273  [django.utils.autoreload:379] [autoreload:tick] [DEBUG]- File D:\python\Lib\site-packages\django\contrib\messages\storage\cookie.py first seen with mtime 1700101825.990782
2023-12-01 11:02:29,278  [django.utils.autoreload:379] [autoreload:tick] [DEBUG]- File D:\python\Lib\site-packages\django\contrib\messages\storage\base.py first seen with mtime 1700101825.9897847
2023-12-01 11:02:29,281  [django.utils.autoreload:379] [autoreload:tick] [DEBUG]- File D:\python\Lib\site-packages\django\contrib\sessions\serializers.py first seen with mtime 1700101826.2831125
2023-12-01 11:02:29,285  [django.utils.autoreload:379] [autoreload:tick] [DEBUG]- File D:\python\Lib\site-packages\django\contrib\messages\storage\session.py first seen with mtime 1700101825.9917798
2023-12-01 11:02:29,286  [django.utils.autoreload:379] [autoreload:tick] [DEBUG]- File D:\python\Lib\site-packages\django\contrib\messages\storage\fallback.py first seen with mtime 1700101825.990782
2023-12-01 11:02:29,288  [django.utils.autoreload:379] [autoreload:tick] [DEBUG]- File D:\python\Lib\site-packages\django\contrib\messages\utils.py first seen with mtime 1700101825.98779
2023-12-01 11:02:29,291  [django.utils.autoreload:379] [autoreload:tick] [DEBUG]- File D:\python\Lib\site-packages\django\db\models\sql\compiler.py first seen with mtime 1700101826.7492778
2023-12-01 11:02:29,454  [django.db.backends:128] [utils:debug_sql] [DEBUG]- (0.609) SELECT "AUSER"."USERID", "AUSER"."ORGID" FROM "AUSER" WHERE DBMS_LOB.SUBSTR("AUSER"."USERNAME") = 孙滨; args=('孙滨',)
2023-12-01 11:02:29,595  [django.db.backends:128] [utils:debug_sql] [DEBUG]- (0.141) SELECT "AORG"."DEPT_CODE" FROM "AORG" WHERE DBMS_LOB.SUBSTR("AORG"."ORGID") = 2E15DA4E5517E5D748257B600023F4A5; args=('2E15DA4E5517E5D748257B600023F4A5',)
2023-12-01 11:02:29,672  [django.db.backends:128] [utils:debug_sql] [DEBUG]- (0.063) UPDATE "OTC_DERIVATIVE_COUNTERPARTY" SET "CUSTOMER_MANAGER" = sunbin, "INTRODUCTION_DEPARTMENT" = 8846, "ALLOW_BUSI_TYPE" = OPTION,TRS,PRODUCT WHERE DBMS_LOB.SUBSTR("OTC_DERIVATIVE_COUNTERPARTY"."CORPORATE_NAME") = 测试产品关注类; args=('sunbin', '8846', 'OPTION,TRS,PRODUCT', '测试产品关注类')
2023-12-01 11:02:29,754  [django.db.backends:128] [utils:debug_sql] [DEBUG]- (0.078) SELECT "CLIENT_REVIEW_RECORD"."RECORD_ID" FROM "CLIENT_REVIEW_RECORD" WHERE (DBMS_LOB.SUBSTR("CLIENT_REVIEW_RECORD"."CLIENT_NAME") = 测试产品关注类 AND NOT (DBMS_LOB.SUBSTR("CLIENT_REVIEW_RECORD"."CURRENT_STATUS") = CLOSED AND "CLIENT_REVIEW_RECORD"."CURRENT_STATUS" IS NOT NULL)); args=('测试产品关注类', 'CLOSED')
2023-12-01 11:02:29,827  [django.request:112] [views:startjob] [INFO]- ['BA10F20E273441858E392C0CBA2FD814', '2B693AF284F94C2D93E3E59536F1ECCD']
2023-12-01 11:02:29,827  [django.request:113] [views:startjob] [INFO]- *****************开始生成回访流程*******************
2023-12-01 11:02:30,085  [django.db.backends:128] [utils:debug_sql] [DEBUG]- (0.265) DELETE FROM "CLIENT_REVIEW_COUNTERPARTY" WHERE DBMS_LOB.SUBSTR("CLIENT_REVIEW_COUNTERPARTY"."RECORD_ID") IN (BA10F20E273441858E392C0CBA2FD814, 2B693AF284F94C2D93E3E59536F1ECCD); args=('BA10F20E273441858E392C0CBA2FD814', '2B693AF284F94C2D93E3E59536F1ECCD')
2023-12-01 11:02:30,474  [django.db.backends:128] [utils:debug_sql] [DEBUG]- (0.359) DELETE FROM "CLIENT_REVIEW_FILE_RECORD" WHERE DBMS_LOB.SUBSTR("CLIENT_REVIEW_FILE_RECORD"."RECORD_ID") IN (BA10F20E273441858E392C0CBA2FD814, 2B693AF284F94C2D93E3E59536F1ECCD); args=('BA10F20E273441858E392C0CBA2FD814', '2B693AF284F94C2D93E3E59536F1ECCD')
2023-12-01 11:02:30,620  [django.db.backends:128] [utils:debug_sql] [DEBUG]- (0.110) DELETE FROM "CLIENT_REVIEW_DETAIL" WHERE DBMS_LOB.SUBSTR("CLIENT_REVIEW_DETAIL"."RECORD_ID") IN (BA10F20E273441858E392C0CBA2FD814, 2B693AF284F94C2D93E3E59536F1ECCD); args=('BA10F20E273441858E392C0CBA2FD814', '2B693AF284F94C2D93E3E59536F1ECCD')
2023-12-01 11:02:30,758  [django.db.backends:128] [utils:debug_sql] [DEBUG]- (0.062) DELETE FROM "CLIENT_REVIEW_RECORD" WHERE DBMS_LOB.SUBSTR("CLIENT_REVIEW_RECORD"."RECORD_ID") IN (BA10F20E273441858E392C0CBA2FD814, 2B693AF284F94C2D93E3E59536F1ECCD); args=('BA10F20E273441858E392C0CBA2FD814', '2B693AF284F94C2D93E3E59536F1ECCD')
2023-12-01 11:02:30,789  [django.request:118] [views:startjob] [INFO]- 测试产品关注类的在途流程已删除
2023-12-01 11:02:30,886  [django.db.backends:128] [utils:debug_sql] [DEBUG]- (0.093) UPDATE "OTC_DERIVATIVE_COUNTERPARTY" SET "RETURN_VISIT_DATE" = 2023-12-01, "AML_MONITOR_FLAG" = true, "NO_AUTO_VISIT" = false, "DELETE_FLAG" = 0 WHERE DBMS_LOB.SUBSTR("OTC_DERIVATIVE_COUNTERPARTY"."CORPORATE_NAME") = 测试产品关注类; args=(datetime.date(2023, 12, 1), 'true', 'false', '0', '测试产品关注类')
2023-12-01 11:02:30,975  [django.db.backends:128] [utils:debug_sql] [DEBUG]- (0.094) UPDATE "COUNTERPARTY_ORG" SET "AML_MONITOR_FLAG" = true WHERE DBMS_LOB.SUBSTR("COUNTERPARTY_ORG"."CORPORATE_NAME") = 测试产品关注类; args=('true', '测试产品关注类')
2023-12-01 11:02:31,024  [django.db.backends:128] [utils:debug_sql] [DEBUG]- (0.047) SELECT "COUNTERPARTY_ORG"."UNIFIEDSOCIAL_CODE" FROM "COUNTERPARTY_ORG" WHERE DBMS_LOB.SUBSTR("COUNTERPARTY_ORG"."CORPORATE_NAME") = 测试产品关注类; args=('测试产品关注类',)
2023-12-01 11:02:31,109  [django.db.backends:128] [utils:debug_sql] [DEBUG]- (0.078) SELECT "OTC_DERIVATIVE_COUNTERPARTY"."CLIENT_ID" FROM "OTC_DERIVATIVE_COUNTERPARTY" WHERE (DBMS_LOB.SUBSTR("OTC_DERIVATIVE_COUNTERPARTY"."CORPORATE_NAME") = 测试产品关注类 AND DBMS_LOB.SUBSTR("OTC_DERIVATIVE_COUNTERPARTY"."IS_PROD_HOLDER") = 03); args=('测试产品关注类', '03')
2023-12-01 11:02:31,177  [django.request:139] [views:startjob] [INFO]- 投资者明细的clientid:['DEV1100106499', 'DEV1100106356', 'DEV1100106722']
2023-12-01 11:02:31,216  [django.db.backends:128] [utils:debug_sql] [DEBUG]- (0.031) SELECT "COUNTERPARTY_BENEFIT_OVER_LIST"."CLIENT_ID" FROM "COUNTERPARTY_BENEFIT_OVER_LIST" WHERE DBMS_LOB.SUBSTR("COUNTERPARTY_BENEFIT_OVER_LIST"."CLIENT_ID") = DEV1100106499; args=('DEV1100106499',)
2023-12-01 11:02:31,216  [django.request:143] [views:startjob] [INFO]- flag is True
2023-12-01 11:02:31,249  [django.db.backends:128] [utils:debug_sql] [DEBUG]- (0.032) SELECT "COUNTERPARTY_BENEFIT_OVER_LIST"."CLIENT_ID" FROM "COUNTERPARTY_BENEFIT_OVER_LIST" WHERE DBMS_LOB.SUBSTR("COUNTERPARTY_BENEFIT_OVER_LIST"."CLIENT_ID") = DEV1100106356; args=('DEV1100106356',)
2023-12-01 11:02:31,250  [django.request:143] [views:startjob] [INFO]- flag is True
2023-12-01 11:02:31,282  [django.db.backends:128] [utils:debug_sql] [DEBUG]- (0.032) SELECT "COUNTERPARTY_BENEFIT_OVER_LIST"."CLIENT_ID" FROM "COUNTERPARTY_BENEFIT_OVER_LIST" WHERE DBMS_LOB.SUBSTR("COUNTERPARTY_BENEFIT_OVER_LIST"."CLIENT_ID") = DEV1100106722; args=('DEV1100106722',)
2023-12-01 11:02:31,283  [django.request:143] [views:startjob] [INFO]- flag is True
2023-12-01 11:02:31,363  [django.db.backends:128] [utils:debug_sql] [DEBUG]- (0.078) SELECT "OTC_DERIVATIVE_COUNTERPARTY"."CLIENT_ID" FROM "OTC_DERIVATIVE_COUNTERPARTY" WHERE (DBMS_LOB.SUBSTR("OTC_DERIVATIVE_COUNTERPARTY"."CORPORATE_NAME") = 测试产品关注类 AND DBMS_LOB.SUBSTR("OTC_DERIVATIVE_COUNTERPARTY"."IS_PROD_HOLDER") = 03); args=('测试产品关注类', '03')
2023-12-01 11:02:31,416  [django.request:163] [views:startjob] [INFO]- 请求 url:http://10.2.145.216:9090/clientreview/checkMultipleClient
2023-12-01 11:02:31,416  [django.request:164] [views:startjob] [INFO]- paramas is:{'checkDateEnd': datetime.date(2023, 12, 1), 'checkDateStart': datetime.date(2023, 12, 1), 'uniCodeList': '75643523465432123'}
2023-12-01 11:02:32,491  [django.utils.autoreload:379] [autoreload:tick] [DEBUG]- File D:\python\Lib\netrc.py first seen with mtime 1553520082.0
2023-12-01 11:02:32,502  [django.utils.autoreload:379] [autoreload:tick] [DEBUG]- File D:\python\Lib\shlex.py first seen with mtime 1553520082.0
