2023-12-01 13:38:54,181  [django.utils.autoreload:379] [autoreload:tick] [DEBUG]- File D:\python\Lib\site-packages\django\db\migrations\executor.py first seen with mtime 1700101826.7144485
2023-12-01 13:38:54,184  [django.utils.autoreload:379] [autoreload:tick] [DEBUG]- File D:\python\Lib\site-packages\django\contrib\auth\migrations\0007_alter_validators_add_error_messages.py first seen with mtime 1700101825.2331145
2023-12-01 13:38:54,185  [django.utils.autoreload:379] [autoreload:tick] [DEBUG]- File D:\python\Lib\site-packages\django\contrib\sessions\migrations\__init__.py first seen with mtime 1700101826.442501
2023-12-01 13:38:54,187  [django.utils.autoreload:379] [autoreload:tick] [DEBUG]- File D:\python\Lib\site-packages\django\middleware\clickjacking.py first seen with mtime 1700101826.8000093
2023-12-01 13:38:54,188  [django.utils.autoreload:379] [autoreload:tick] [DEBUG]- File D:\python\Lib\site-packages\django\contrib\messages\middleware.py first seen with mtime 1700101825.98779
2023-12-01 13:38:54,191  [django.utils.autoreload:379] [autoreload:tick] [DEBUG]- File D:\python\Lib\site-packages\django\contrib\auth\migrations\0010_alter_group_name_max_length.py first seen with mtime 1700101825.2361078
2023-12-01 13:38:54,192  [django.utils.autoreload:379] [autoreload:tick] [DEBUG]- File D:\djangoProject\djangoProject\migrations\0001_initial.py first seen with mtime 1701390455.080511
2023-12-01 13:38:54,192  [django.utils.autoreload:379] [autoreload:tick] [DEBUG]- File D:\python\Lib\site-packages\django\contrib\auth\migrations\0001_initial.py first seen with mtime 1700101825.2292674
2023-12-01 13:38:54,193  [django.utils.autoreload:379] [autoreload:tick] [DEBUG]- File D:\python\Lib\site-packages\django\contrib\admin\migrations\0003_logentry_add_action_flag_choices.py first seen with mtime 1700101824.7557764
2023-12-01 13:38:54,194  [django.utils.autoreload:379] [autoreload:tick] [DEBUG]- File D:\python\Lib\site-packages\django\contrib\admin\migrations\0001_initial.py first seen with mtime 1700101824.7540781
2023-12-01 13:38:54,196  [django.utils.autoreload:379] [autoreload:tick] [DEBUG]- File D:\python\Lib\site-packages\django\contrib\auth\migrations\0004_alter_user_username_opts.py first seen with mtime 1700101825.2311165
2023-12-01 13:38:54,197  [django.utils.autoreload:379] [autoreload:tick] [DEBUG]- File D:\python\Lib\site-packages\django\contrib\auth\migrations\0002_alter_permission_name_max_length.py first seen with mtime 1700101825.2302659
2023-12-01 13:38:54,198  [django.utils.autoreload:379] [autoreload:tick] [DEBUG]- File D:\python\Lib\site-packages\django\contrib\admin\migrations\0002_logentry_remove_auto_add.py first seen with mtime 1700101824.7550755
2023-12-01 13:38:54,199  [django.utils.autoreload:379] [autoreload:tick] [DEBUG]- File D:\python\Lib\site-packages\django\contrib\sessions\migrations\0001_initial.py first seen with mtime 1700101826.4415038
2023-12-01 13:38:54,200  [django.utils.autoreload:379] [autoreload:tick] [DEBUG]- File D:\python\Lib\site-packages\django\db\migrations\recorder.py first seen with mtime 1700101826.717442
2023-12-01 13:38:54,201  [django.utils.autoreload:379] [autoreload:tick] [DEBUG]- File D:\python\Lib\site-packages\django\contrib\auth\migrations\0009_alter_user_last_name_max_length.py first seen with mtime 1700101825.2351098
2023-12-01 13:38:54,201  [django.utils.autoreload:379] [autoreload:tick] [DEBUG]- File D:\python\Lib\site-packages\django\contrib\contenttypes\migrations\0002_remove_content_type_name.py first seen with mtime 1700101825.4001954
2023-12-01 13:38:54,202  [django.utils.autoreload:379] [autoreload:tick] [DEBUG]- File D:\djangoProject\djangoProject\migrations\__init__.py first seen with mtime 1701390455.080511
2023-12-01 13:38:54,211  [django.utils.autoreload:379] [autoreload:tick] [DEBUG]- File D:\python\Lib\site-packages\django\contrib\auth\migrations\0003_alter_user_email_max_length.py first seen with mtime 1700101825.2311165
2023-12-01 13:38:54,213  [django.utils.autoreload:379] [autoreload:tick] [DEBUG]- File D:\python\Lib\site-packages\django\contrib\auth\migrations\0011_update_proxy_permissions.py first seen with mtime 1700101825.2371042
2023-12-01 13:38:54,215  [django.utils.autoreload:379] [autoreload:tick] [DEBUG]- File D:\python\Lib\site-packages\django\middleware\common.py first seen with mtime 1700101826.8000093
2023-12-01 13:38:54,219  [django.utils.autoreload:379] [autoreload:tick] [DEBUG]- File D:\python\Lib\site-packages\django\contrib\auth\migrations\0006_require_contenttypes_0002.py first seen with mtime 1700101825.2331145
2023-12-01 13:38:54,222  [django.utils.autoreload:379] [autoreload:tick] [DEBUG]- File D:\python\Lib\site-packages\django\contrib\contenttypes\migrations\0001_initial.py first seen with mtime 1700101825.399197
2023-12-01 13:38:54,222  [django.utils.autoreload:379] [autoreload:tick] [DEBUG]- File D:\python\Lib\site-packages\django\core\cache\backends\locmem.py first seen with mtime 1700101826.6242192
2023-12-01 13:38:54,223  [django.utils.autoreload:379] [autoreload:tick] [DEBUG]- File D:\python\Lib\site-packages\django\contrib\sessions\backends\db.py first seen with mtime 1700101826.2871013
2023-12-01 13:38:54,225  [django.utils.autoreload:379] [autoreload:tick] [DEBUG]- File D:\python\Lib\site-packages\django\db\migrations\graph.py first seen with mtime 1700101826.7144485
2023-12-01 13:38:54,227  [django.utils.autoreload:379] [autoreload:tick] [DEBUG]- File D:\python\Lib\site-packages\django\contrib\contenttypes\migrations\__init__.py first seen with mtime 1700101825.4001954
2023-12-01 13:38:54,232  [django.utils.autoreload:379] [autoreload:tick] [DEBUG]- File D:\python\Lib\site-packages\django\contrib\admin\migrations\__init__.py first seen with mtime 1700101824.7557764
2023-12-01 13:38:54,234  [django.utils.autoreload:379] [autoreload:tick] [DEBUG]- File D:\python\Lib\site-packages\django\contrib\auth\migrations\0008_alter_user_username_max_length.py first seen with mtime 1700101825.2341125
2023-12-01 13:38:54,238  [django.utils.autoreload:379] [autoreload:tick] [DEBUG]- File D:\python\Lib\site-packages\django\contrib\auth\migrations\__init__.py first seen with mtime 1700101825.2381022
2023-12-01 13:38:54,239  [django.utils.autoreload:379] [autoreload:tick] [DEBUG]- File D:\python\Lib\site-packages\django\db\migrations\loader.py first seen with mtime 1700101826.7154477
2023-12-01 13:38:54,240  [django.utils.autoreload:379] [autoreload:tick] [DEBUG]- File D:\djangoProject\djangoProject\wsgi.py first seen with mtime 1701390455.085976
2023-12-01 13:38:54,241  [django.utils.autoreload:379] [autoreload:tick] [DEBUG]- File D:\python\Lib\site-packages\django\views\csrf.py first seen with mtime 1700101826.8647077
2023-12-01 13:38:54,245  [django.utils.autoreload:379] [autoreload:tick] [DEBUG]- File D:\python\Lib\site-packages\django\contrib\auth\migrations\0005_alter_user_last_login_null.py first seen with mtime 1700101825.2321172
2023-12-01 13:38:54,270  [django.utils.autoreload:379] [autoreload:tick] [DEBUG]- File D:\python\Lib\site-packages\django\contrib\auth\migrations\0012_alter_user_first_name_max_length.py first seen with mtime 1700101825.2381022
